<?xml version="1.0" encoding="UTF-8"?>
<!-- Generated by org.testng.reporters.JUnitReportReporter -->
<testsuite hostname="vivobook-asuslaptop-x512flc-x512fl" failures="0" tests="6" name="com.Reg.TRS_Data.Trsdata_Fb74_Nisl" time="133.538" errors="0" timestamp="2024-01-25T12:21:24 IST" skipped="0">
  <testcase classname="com.Reg.TRS_Data.Trsdata_Fb74_Nisl" name="login" time="8.836"/>
  <system-out/>
  <testcase classname="com.Reg.TRS_Data.Trsdata_Fb74_Nisl" name="series_set" time="17.458"/>
  <system-out/>
  <testcase classname="com.Reg.TRS_Data.Trsdata_Fb74_Nisl" name="registration" time="6.084"/>
  <system-out/>
  <testcase classname="com.Reg.TRS_Data.Trsdata_Fb74_Nisl" name="getTrs" time="20.987"/>
  <system-out/>
  <testcase classname="com.Reg.TRS_Data.Trsdata_Fb74_Nisl" name="getTrs2" time="35.204"/>
  <system-out/>
  <testcase classname="com.Reg.TRS_Data.Trsdata_Fb74_Nisl" name="getTrs3" time="44.969"/>
  <system-out/>
</testsuite> <!-- com.Reg.TRS_Data.Trsdata_Fb74_Nisl -->
